<?xml version="1.0" encoding="UTF-8"?>
<testsuite xmlns:xsi="http://www.w3.org/2001/XMLSchema-instance" xsi:noNamespaceSchemaLocation="https://maven.apache.org/surefire/maven-surefire-plugin/xsd/surefire-test-report.xsd" name="com.qa.tdl.rest.AssigneeControllerIntegrationTest" time="8.871" tests="6" errors="0" skipped="0" failures="0">
  <properties/>
  <testcase name="removeAssignee" classname="com.qa.tdl.rest.AssigneeControllerIntegrationTest" time="0.456"/>
  <testcase name="readAssignee" classname="com.qa.tdl.rest.AssigneeControllerIntegrationTest" time="0.07"/>
  <testcase name="create" classname="com.qa.tdl.rest.AssigneeControllerIntegrationTest" time="0.065"/>
  <testcase name="removeAssigneeFailure" classname="com.qa.tdl.rest.AssigneeControllerIntegrationTest" time="0.015"/>
  <testcase name="updateAssignee" classname="com.qa.tdl.rest.AssigneeControllerIntegrationTest" time="0.019"/>
  <testcase name="readAll" classname="com.qa.tdl.rest.AssigneeControllerIntegrationTest" time="0.046"/>
</testsuite>