<?xml version="1.0" encoding="UTF-8"?>
<testsuite xmlns:xsi="http://www.w3.org/2001/XMLSchema-instance" xsi:noNamespaceSchemaLocation="https://maven.apache.org/surefire/maven-surefire-plugin/xsd/surefire-test-report.xsd" name="com.qa.tdl.persistence.dtos.AssigneeDTOUnitTest" time="0.003" tests="4" errors="0" skipped="0" failures="0">
  <properties/>
  <testcase name="createAssigneeDTOWithId" classname="com.qa.tdl.persistence.dtos.AssigneeDTOUnitTest" time="0.001"/>
  <testcase name="emptyConstructor" classname="com.qa.tdl.persistence.dtos.AssigneeDTOUnitTest" time="0.001"/>
  <testcase name="toStringTest" classname="com.qa.tdl.persistence.dtos.AssigneeDTOUnitTest" time="0.001"/>
  <testcase name="settersTest" classname="com.qa.tdl.persistence.dtos.AssigneeDTOUnitTest" time="0"/>
</testsuite>