<?xml version="1.0" encoding="UTF-8"?>
<testsuite xmlns:xsi="http://www.w3.org/2001/XMLSchema-instance" xsi:noNamespaceSchemaLocation="https://maven.apache.org/surefire/maven-surefire-plugin/xsd/surefire-test-report.xsd" name="com.qa.tdl.rest.TaskControllerUnitTest" time="1.703" tests="8" errors="0" skipped="0" failures="0">
  <properties/>
  <testcase name="readTaskTest" classname="com.qa.tdl.rest.TaskControllerUnitTest" time="0.005"/>
  <testcase name="readAllTest" classname="com.qa.tdl.rest.TaskControllerUnitTest" time="0.004"/>
  <testcase name="addAssigneeTest" classname="com.qa.tdl.rest.TaskControllerUnitTest" time="0.004"/>
  <testcase name="updateTaskTest" classname="com.qa.tdl.rest.TaskControllerUnitTest" time="0.004"/>
  <testcase name="removeAssigneeTest" classname="com.qa.tdl.rest.TaskControllerUnitTest" time="0.003"/>
  <testcase name="createTest" classname="com.qa.tdl.rest.TaskControllerUnitTest" time="0.003"/>
  <testcase name="removeTaskSuccessfulTest" classname="com.qa.tdl.rest.TaskControllerUnitTest" time="0.004"/>
  <testcase name="removeTaskUnsuccessfulTest" classname="com.qa.tdl.rest.TaskControllerUnitTest" time="0.003"/>
</testsuite>