<?xml version="1.0" encoding="UTF-8"?>
<testsuite xmlns:xsi="http://www.w3.org/2001/XMLSchema-instance" xsi:noNamespaceSchemaLocation="https://maven.apache.org/surefire/maven-surefire-plugin/xsd/surefire-test-report.xsd" name="com.qa.tdl.rest.AssigneeControllerUnitTest" time="1.941" tests="6" errors="0" skipped="0" failures="0">
  <properties/>
  <testcase name="readAllTest" classname="com.qa.tdl.rest.AssigneeControllerUnitTest" time="0.05"/>
  <testcase name="removeAssigneeUnsuccessfulTest" classname="com.qa.tdl.rest.AssigneeControllerUnitTest" time="0.007"/>
  <testcase name="removeAssigneeSuccessfulTest" classname="com.qa.tdl.rest.AssigneeControllerUnitTest" time="0.005"/>
  <testcase name="readAssigneeTest" classname="com.qa.tdl.rest.AssigneeControllerUnitTest" time="0.005"/>
  <testcase name="createTest" classname="com.qa.tdl.rest.AssigneeControllerUnitTest" time="0.004"/>
  <testcase name="updateAssigneeTest" classname="com.qa.tdl.rest.AssigneeControllerUnitTest" time="0.004"/>
</testsuite>