<?xml version="1.0" encoding="UTF-8"?>
<testsuite xmlns:xsi="http://www.w3.org/2001/XMLSchema-instance" xsi:noNamespaceSchemaLocation="https://maven.apache.org/surefire/maven-surefire-plugin/xsd/surefire-test-report.xsd" name="com.qa.tdl.persistence.domain.AssigneeDomainUnitTest" time="0.109" tests="7" errors="0" skipped="0" failures="0">
  <properties/>
  <testcase name="constructorWithoutId" classname="com.qa.tdl.persistence.domain.AssigneeDomainUnitTest" time="0.022"/>
  <testcase name="constructorWithoutTasks" classname="com.qa.tdl.persistence.domain.AssigneeDomainUnitTest" time="0.001"/>
  <testcase name="emptyConstructor" classname="com.qa.tdl.persistence.domain.AssigneeDomainUnitTest" time="0.001"/>
  <testcase name="removeTasks" classname="com.qa.tdl.persistence.domain.AssigneeDomainUnitTest" time="0.052"/>
  <testcase name="createAssigneeDomainWithId" classname="com.qa.tdl.persistence.domain.AssigneeDomainUnitTest" time="0.009"/>
  <testcase name="toStringTest" classname="com.qa.tdl.persistence.domain.AssigneeDomainUnitTest" time="0.006"/>
  <testcase name="settersTest" classname="com.qa.tdl.persistence.domain.AssigneeDomainUnitTest" time="0.001"/>
</testsuite>