<?xml version="1.0" encoding="UTF-8"?>
<testsuite xmlns:xsi="http://www.w3.org/2001/XMLSchema-instance" xsi:noNamespaceSchemaLocation="https://maven.apache.org/surefire/maven-surefire-plugin/xsd/surefire-test-report.xsd" name="com.qa.tdl.rest.TaskControllerIntegrationTest" time="0.156" tests="6" errors="0" skipped="0" failures="0">
  <properties/>
  <testcase name="removeTaskFailure" classname="com.qa.tdl.rest.TaskControllerIntegrationTest" time="0.018"/>
  <testcase name="create" classname="com.qa.tdl.rest.TaskControllerIntegrationTest" time="0.036"/>
  <testcase name="readTask" classname="com.qa.tdl.rest.TaskControllerIntegrationTest" time="0.021"/>
  <testcase name="updateTask" classname="com.qa.tdl.rest.TaskControllerIntegrationTest" time="0.02"/>
  <testcase name="readAll" classname="com.qa.tdl.rest.TaskControllerIntegrationTest" time="0.027"/>
  <testcase name="removeTask" classname="com.qa.tdl.rest.TaskControllerIntegrationTest" time="0.019"/>
</testsuite>